<?xml version="1.0" encoding="UTF-8"?>
<testsuite name="org.apache.hadoop.hive.cli.TestCliDriver" time="138.875" tests="25" errors="0" skipped="0" failures="1">
  <properties>
    <property name="java.runtime.name" value="OpenJDK Runtime Environment"/>
    <property name="sun.boot.library.path" value="/usr/lib/jvm/java-8-openjdk-amd64/jre/lib/amd64"/>
    <property name="java.vm.version" value="25.102-b14"/>
    <property name="java.vm.vendor" value="Oracle Corporation"/>
    <property name="java.vendor.url" value="http://java.oracle.com/"/>
    <property name="path.separator" value=":"/>
    <property name="guice.disable.misplaced.annotation.check" value="true"/>
    <property name="java.vm.name" value="OpenJDK 64-Bit Server VM"/>
    <property name="file.encoding.pkg" value="sun.io"/>
    <property name="user.country" value="US"/>
    <property name="sun.java.launcher" value="SUN_STANDARD"/>
    <property name="sun.os.patch.level" value="unknown"/>
    <property name="test" value="TestCliDriver"/>
    <property name="java.vm.specification.name" value="Java Virtual Machine Specification"/>
    <property name="user.dir" value="/home/hiveptest/35.202.150.25-hiveptest-0/apache-github-source-source/itests/qtest"/>
    <property name="java.runtime.version" value="1.8.0_102-8u102-b14.1-1~bpo8+1-b14"/>
    <property name="java.awt.graphicsenv" value="sun.awt.X11GraphicsEnvironment"/>
    <property name="java.endorsed.dirs" value="/usr/lib/jvm/java-8-openjdk-amd64/jre/lib/endorsed"/>
    <property name="os.arch" value="amd64"/>
    <property name="java.io.tmpdir" value="/home/hiveptest/35.202.150.25-hiveptest-0/logs/tmp"/>
    <property name="line.separator" value="&#10;"/>
    <property name="java.vm.specification.vendor" value="Oracle Corporation"/>
    <property name="os.name" value="Linux"/>
    <property name="classworlds.conf" value="/usr/share/maven/bin/m2.conf"/>
    <property name="sun.jnu.encoding" value="UTF-8"/>
    <property name="java.library.path" value="/usr/java/packages/lib/amd64:/usr/lib/x86_64-linux-gnu/jni:/lib/x86_64-linux-gnu:/usr/lib/x86_64-linux-gnu:/usr/lib/jni:/lib:/usr/lib"/>
    <property name="qfile" value="vector_acid3.q,nestedvirtual.q,insert_overwrite_local_directory_1.q,ppr_pushdown3.q,delete_where_no_match.q,vector_reduce1.q,udf_atan.q,tez_vector_dynpart_hashjoin_2.q,delete_all_non_partitioned.q,join24.q,delete_all_partitioned.q,skewjoin_union_remove_2.q,masking_11.q,bucketmapjoin_negative3.q,union32.q,authorization_cli_createtab.q,flatten_and_or.q,constant_prop_2.q,insert_non_utf8_encoding_table.q,vector_reduce3.q,fold_when.q,avro_charvarchar.q,orc_empty_table.q,join18_multi_distinct.q,schema_evol_orc_acid_part.q,udf_log10.q,cross_join.q,parquet_predicate_pushdown.q,llap_vector_nohybridgrace.q,quotedid_smb.q"/>
    <property name="java.specification.name" value="Java Platform API Specification"/>
    <property name="java.class.version" value="52.0"/>
    <property name="sun.management.compiler" value="HotSpot 64-Bit Tiered Compilers"/>
    <property name="maven.repo.local" value="/home/hiveptest/35.202.150.25-hiveptest-0/maven"/>
    <property name="os.version" value="3.16.0-4-amd64"/>
    <property name="user.home" value="/home/hiveptest"/>
    <property name="user.timezone" value="UTC"/>
    <property name="java.awt.printerjob" value="sun.print.PSPrinterJob"/>
    <property name="java.specification.version" value="1.8"/>
    <property name="file.encoding" value="UTF-8"/>
    <property name="user.name" value="hiveptest"/>
    <property name="java.class.path" value="/usr/share/maven/boot/plexus-classworlds-2.x.jar"/>
    <property name="java.vm.specification.version" value="1.8"/>
    <property name="sun.arch.data.model" value="64"/>
    <property name="java.home" value="/usr/lib/jvm/java-8-openjdk-amd64/jre"/>
    <property name="sun.java.command" value="org.codehaus.plexus.classworlds.launcher.Launcher -B test -Dmaven.repo.local=/home/hiveptest/35.202.150.25-hiveptest-0/maven -Dtest=TestCliDriver -Dqfile=vector_acid3.q,nestedvirtual.q,insert_overwrite_local_directory_1.q,ppr_pushdown3.q,delete_where_no_match.q,vector_reduce1.q,udf_atan.q,tez_vector_dynpart_hashjoin_2.q,delete_all_non_partitioned.q,join24.q,delete_all_partitioned.q,skewjoin_union_remove_2.q,masking_11.q,bucketmapjoin_negative3.q,union32.q,authorization_cli_createtab.q,flatten_and_or.q,constant_prop_2.q,insert_non_utf8_encoding_table.q,vector_reduce3.q,fold_when.q,avro_charvarchar.q,orc_empty_table.q,join18_multi_distinct.q,schema_evol_orc_acid_part.q,udf_log10.q,cross_join.q,parquet_predicate_pushdown.q,llap_vector_nohybridgrace.q,quotedid_smb.q"/>
    <property name="java.specification.vendor" value="Oracle Corporation"/>
    <property name="user.language" value="en"/>
    <property name="awt.toolkit" value="sun.awt.X11.XToolkit"/>
    <property name="java.vm.info" value="mixed mode"/>
    <property name="java.version" value="1.8.0_102"/>
    <property name="java.ext.dirs" value="/usr/lib/jvm/java-8-openjdk-amd64/jre/lib/ext:/usr/java/packages/lib/ext"/>
    <property name="securerandom.source" value="file:/dev/./urandom"/>
    <property name="sun.boot.class.path" value="/usr/lib/jvm/java-8-openjdk-amd64/jre/lib/resources.jar:/usr/lib/jvm/java-8-openjdk-amd64/jre/lib/rt.jar:/usr/lib/jvm/java-8-openjdk-amd64/jre/lib/sunrsasign.jar:/usr/lib/jvm/java-8-openjdk-amd64/jre/lib/jsse.jar:/usr/lib/jvm/java-8-openjdk-amd64/jre/lib/jce.jar:/usr/lib/jvm/java-8-openjdk-amd64/jre/lib/charsets.jar:/usr/lib/jvm/java-8-openjdk-amd64/jre/lib/jfr.jar:/usr/lib/jvm/java-8-openjdk-amd64/jre/classes"/>
    <property name="java.vendor" value="Oracle Corporation"/>
    <property name="maven.home" value="/usr/share/maven"/>
    <property name="file.separator" value="/"/>
    <property name="java.vendor.url.bug" value="http://bugreport.sun.com/bugreport/"/>
    <property name="sun.cpu.endian" value="little"/>
    <property name="sun.io.unicode.encoding" value="UnicodeLittle"/>
    <property name="sun.cpu.isalist" value=""/>
  </properties>
  <testcase name="testCliDriver[vector_acid3]" classname="org.apache.hadoop.hive.cli.TestCliDriver" time="7.233"/>
  <testcase name="testCliDriver[nestedvirtual]" classname="org.apache.hadoop.hive.cli.TestCliDriver" time="7.424"/>
  <testcase name="testCliDriver[insert_overwrite_local_directory_1]" classname="org.apache.hadoop.hive.cli.TestCliDriver" time="19.764"/>
  <testcase name="testCliDriver[ppr_pushdown3]" classname="org.apache.hadoop.hive.cli.TestCliDriver" time="1.857"/>
  <testcase name="testCliDriver[delete_where_no_match]" classname="org.apache.hadoop.hive.cli.TestCliDriver" time="9.591"/>
  <testcase name="testCliDriver[vector_reduce1]" classname="org.apache.hadoop.hive.cli.TestCliDriver" time="4.878"/>
  <testcase name="testCliDriver[udf_atan]" classname="org.apache.hadoop.hive.cli.TestCliDriver" time="0.724"/>
  <testcase name="testCliDriver[delete_all_non_partitioned]" classname="org.apache.hadoop.hive.cli.TestCliDriver" time="8.521"/>
  <testcase name="testCliDriver[join24]" classname="org.apache.hadoop.hive.cli.TestCliDriver" time="6.656"/>
  <testcase name="testCliDriver[delete_all_partitioned]" classname="org.apache.hadoop.hive.cli.TestCliDriver" time="13.139"/>
  <testcase name="testCliDriver[skewjoin_union_remove_2]" classname="org.apache.hadoop.hive.cli.TestCliDriver" time="6.52"/>
  <testcase name="testCliDriver[masking_11]" classname="org.apache.hadoop.hive.cli.TestCliDriver" time="4.174">
    <failure message="Client Execution succeeded but contained differences (error code = 1) after executing masking_11.q &#10;16d15&#10;&lt; PREHOOK: Output: default@masking_test&#10;21d19&#10;&lt; POSTHOOK: Output: default@masking_test&#10;" type="java.lang.AssertionError"><![CDATA[java.lang.AssertionError: Client Execution succeeded but contained differences (error code = 1) after executing masking_11.q 
16d15
< PREHOOK: Output: default@masking_test
21d19
< POSTHOOK: Output: default@masking_test

	at org.junit.Assert.fail(Assert.java:88)
	at org.apache.hadoop.hive.ql.QTestUtil.failedDiff(QTestUtil.java:2175)
	at org.apache.hadoop.hive.cli.control.CoreCliDriver.runTest(CoreCliDriver.java:183)
	at org.apache.hadoop.hive.cli.control.CliAdapter.runTest(CliAdapter.java:104)
	at org.apache.hadoop.hive.cli.TestCliDriver.testCliDriver(TestCliDriver.java:59)
	at sun.reflect.NativeMethodAccessorImpl.invoke0(Native Method)
	at sun.reflect.NativeMethodAccessorImpl.invoke(NativeMethodAccessorImpl.java:62)
	at sun.reflect.DelegatingMethodAccessorImpl.invoke(DelegatingMethodAccessorImpl.java:43)
	at java.lang.reflect.Method.invoke(Method.java:498)
	at org.junit.runners.model.FrameworkMethod$1.runReflectiveCall(FrameworkMethod.java:47)
	at org.junit.internal.runners.model.ReflectiveCallable.run(ReflectiveCallable.java:12)
	at org.junit.runners.model.FrameworkMethod.invokeExplosively(FrameworkMethod.java:44)
	at org.junit.internal.runners.statements.InvokeMethod.evaluate(InvokeMethod.java:17)
	at org.apache.hadoop.hive.cli.control.CliAdapter$2$1.evaluate(CliAdapter.java:92)
	at org.junit.rules.RunRules.evaluate(RunRules.java:20)
	at org.junit.runners.ParentRunner.runLeaf(ParentRunner.java:271)
	at org.junit.runners.BlockJUnit4ClassRunner.runChild(BlockJUnit4ClassRunner.java:70)
	at org.junit.runners.BlockJUnit4ClassRunner.runChild(BlockJUnit4ClassRunner.java:50)
	at org.junit.runners.ParentRunner$3.run(ParentRunner.java:238)
	at org.junit.runners.ParentRunner$1.schedule(ParentRunner.java:63)
	at org.junit.runners.ParentRunner.runChildren(ParentRunner.java:236)
	at org.junit.runners.ParentRunner.access$000(ParentRunner.java:53)
	at org.junit.runners.ParentRunner$2.evaluate(ParentRunner.java:229)
	at org.junit.runners.ParentRunner.run(ParentRunner.java:309)
	at org.junit.runners.Suite.runChild(Suite.java:127)
	at org.junit.runners.Suite.runChild(Suite.java:26)
	at org.junit.runners.ParentRunner$3.run(ParentRunner.java:238)
	at org.junit.runners.ParentRunner$1.schedule(ParentRunner.java:63)
	at org.junit.runners.ParentRunner.runChildren(ParentRunner.java:236)
	at org.junit.runners.ParentRunner.access$000(ParentRunner.java:53)
	at org.junit.runners.ParentRunner$2.evaluate(ParentRunner.java:229)
	at org.apache.hadoop.hive.cli.control.CliAdapter$1$1.evaluate(CliAdapter.java:73)
	at org.junit.rules.RunRules.evaluate(RunRules.java:20)
	at org.junit.runners.ParentRunner.run(ParentRunner.java:309)
	at org.apache.maven.surefire.junit4.JUnit4Provider.execute(JUnit4Provider.java:283)
	at org.apache.maven.surefire.junit4.JUnit4Provider.executeWithRerun(JUnit4Provider.java:173)
	at org.apache.maven.surefire.junit4.JUnit4Provider.executeTestSet(JUnit4Provider.java:153)
	at org.apache.maven.surefire.junit4.JUnit4Provider.invoke(JUnit4Provider.java:128)
	at org.apache.maven.surefire.booter.ForkedBooter.invokeProviderInSameClassLoader(ForkedBooter.java:203)
	at org.apache.maven.surefire.booter.ForkedBooter.runSuitesInProcess(ForkedBooter.java:155)
	at org.apache.maven.surefire.booter.ForkedBooter.main(ForkedBooter.java:103)
]]></failure>
    <system-out><![CDATA[Running: diff -a /home/hiveptest/35.202.150.25-hiveptest-0/apache-github-source-source/itests/qtest/target/qfile-results/clientpositive/masking_11.q.out /home/hiveptest/35.202.150.25-hiveptest-0/apache-github-source-source/ql/src/test/results/clientpositive/masking_11.q.out
16d15
< PREHOOK: Output: default@masking_test
21d19
< POSTHOOK: Output: default@masking_test
]]></system-out>
    <system-err><![CDATA[Begin query: masking_11.q
Done querymasking_11.q. succeeded=false, skipped=false. ElapsedTime(ms)=3832
]]></system-err>
  </testcase>
  <testcase name="testCliDriver[bucketmapjoin_negative3]" classname="org.apache.hadoop.hive.cli.TestCliDriver" time="8.357"/>
  <testcase name="testCliDriver[union32]" classname="org.apache.hadoop.hive.cli.TestCliDriver" time="17.543"/>
  <testcase name="testCliDriver[authorization_cli_createtab]" classname="org.apache.hadoop.hive.cli.TestCliDriver" time="0.729"/>
  <testcase name="testCliDriver[flatten_and_or]" classname="org.apache.hadoop.hive.cli.TestCliDriver" time="0.626"/>
  <testcase name="testCliDriver[constant_prop_2]" classname="org.apache.hadoop.hive.cli.TestCliDriver" time="0.865"/>
  <testcase name="testCliDriver[insert_non_utf8_encoding_table]" classname="org.apache.hadoop.hive.cli.TestCliDriver" time="3.16"/>
  <testcase name="testCliDriver[vector_reduce3]" classname="org.apache.hadoop.hive.cli.TestCliDriver" time="4.668"/>
  <testcase name="testCliDriver[fold_when]" classname="org.apache.hadoop.hive.cli.TestCliDriver" time="2.104"/>
  <testcase name="testCliDriver[avro_charvarchar]" classname="org.apache.hadoop.hive.cli.TestCliDriver" time="3.337"/>
  <testcase name="testCliDriver[orc_empty_table]" classname="org.apache.hadoop.hive.cli.TestCliDriver" time="0.902"/>
  <testcase name="testCliDriver[join18_multi_distinct]" classname="org.apache.hadoop.hive.cli.TestCliDriver" time="4.549"/>
  <testcase name="testCliDriver[udf_log10]" classname="org.apache.hadoop.hive.cli.TestCliDriver" time="0.279"/>
  <testcase name="testCliDriver[cross_join]" classname="org.apache.hadoop.hive.cli.TestCliDriver" time="1.275"/>
</testsuite>